<?xml version="1.0" encoding="UTF-8"?>
<!-- Generated by org.testng.reporters.JUnitXMLReporter -->
<testsuite hostname="DESKTOP-MUEUS88" name="Command line test" tests="6" failures="0" timestamp="17 Jan 2023 18:34:30 GMT" time="0.04" errors="0">
  <testcase name="APIwithPostman" time="0.014" classname="MavenProject.FirstTest.APITest"/>
  <testcase name="APIwithSoapUI" time="0.001" classname="MavenProject.FirstTest.APITest"/>
  <testcase name="LoginwithAndroid" time="0.0" classname="MavenProject.FirstTest.AppiumTest"/>
  <testcase name="LoginwithiOS" time="0.0" classname="MavenProject.FirstTest.AppiumTest"/>
  <testcase name="LoginwithBranch" time="0.001" classname="MavenProject.FirstTest.SeleniumTest"/>
  <testcase name="Loginwithweb" time="0.0" classname="MavenProject.FirstTest.SeleniumTest"/>
</testsuite> <!-- Command line test -->
