<?xml version="1.0" encoding="UTF-8"?>
<testng-results total="1" passed="1" failed="0" skipped="0">
  <reporter-output>
  </reporter-output>
  <suite started-at="2023-01-18T18:32:58Z" name="Default suite" finished-at="2023-01-18T18:33:00Z" duration-ms="2811">
    <groups>
    </groups>
    <test started-at="2023-01-18T18:32:58Z" name="Default test" finished-at="2023-01-18T18:33:00Z" duration-ms="2811">
      <class name="MavenProject.FirstTest.LoginTest">
        <test-method is-config="true" signature="setup()[pri:0, instance:MavenProject.FirstTest.LoginTest@f99f5e0]" started-at="2023-01-18T19:32:34Z" name="setup" finished-at="2023-01-18T19:32:58Z" duration-ms="23799" status="PASS">
          <reporter-output>
          </reporter-output>
        </test-method> <!-- setup -->
        <test-method signature="ValidLogin()[pri:0, instance:MavenProject.FirstTest.LoginTest@f99f5e0]" started-at="2023-01-18T19:32:58Z" name="ValidLogin" finished-at="2023-01-18T19:33:00Z" duration-ms="2795" status="PASS">
          <reporter-output>
          </reporter-output>
        </test-method> <!-- ValidLogin -->
        <test-method is-config="true" signature="tearDown()[pri:0, instance:MavenProject.FirstTest.LoginTest@f99f5e0]" started-at="2023-01-18T19:33:00Z" name="tearDown" finished-at="2023-01-18T19:33:01Z" duration-ms="663" status="PASS">
          <reporter-output>
          </reporter-output>
        </test-method> <!-- tearDown -->
      </class> <!-- MavenProject.FirstTest.LoginTest -->
    </test> <!-- Default test -->
  </suite> <!-- Default suite -->
</testng-results>
