<?xml version="1.0" encoding="UTF-8"?>
<testng-results total="1" passed="1" failed="0" skipped="0">
  <reporter-output>
  </reporter-output>
  <suite started-at="2023-01-18T00:07:24Z" name="Default suite" finished-at="2023-01-18T00:07:29Z" duration-ms="5868">
    <groups>
    </groups>
    <test started-at="2023-01-18T00:07:24Z" name="Default test" finished-at="2023-01-18T00:07:29Z" duration-ms="5868">
      <class name="MavenProject.FirstTest.LoginTest">
        <test-method is-config="true" signature="setup()[pri:0, instance:MavenProject.FirstTest.LoginTest@f99f5e0]" started-at="2023-01-18T01:07:17Z" name="setup" finished-at="2023-01-18T01:07:24Z" duration-ms="6270" status="PASS">
          <reporter-output>
          </reporter-output>
        </test-method> <!-- setup -->
        <test-method signature="ValidLogin()[pri:0, instance:MavenProject.FirstTest.LoginTest@f99f5e0]" started-at="2023-01-18T01:07:24Z" name="ValidLogin" finished-at="2023-01-18T01:07:29Z" duration-ms="5848" status="PASS">
          <reporter-output>
          </reporter-output>
        </test-method> <!-- ValidLogin -->
        <test-method is-config="true" signature="tearDown()[pri:0, instance:MavenProject.FirstTest.LoginTest@f99f5e0]" started-at="2023-01-18T01:07:30Z" name="tearDown" finished-at="2023-01-18T01:07:30Z" duration-ms="930" status="PASS">
          <reporter-output>
          </reporter-output>
        </test-method> <!-- tearDown -->
      </class> <!-- MavenProject.FirstTest.LoginTest -->
    </test> <!-- Default test -->
  </suite> <!-- Default suite -->
</testng-results>
