<?xml version="1.0" encoding="UTF-8"?>
<!-- Generated by org.testng.reporters.JUnitXMLReporter -->
<testsuite hostname="DESKTOP-MUEUS88" failures="0" tests="6" name="Test" time="0.15" errors="0" timestamp="16 Jan 2023 19:44:08 GMT">
  <testcase classname="MavenProject.FirstTest.APITest" name="APIwithPostman" time="0.021"/>
  <testcase classname="MavenProject.FirstTest.APITest" name="APIwithSoapUI" time="0.008"/>
  <testcase classname="MavenProject.FirstTest.SeleniumTest" name="LoginwithBranch" time="0.005"/>
  <testcase classname="MavenProject.FirstTest.SeleniumTest" name="Loginwithweb" time="0.005"/>
  <testcase classname="MavenProject.FirstTest.AppiumTest" name="LoginwithAndroid" time="0.007"/>
  <testcase classname="MavenProject.FirstTest.AppiumTest" name="LoginwithiOS" time="0.005"/>
</testsuite> <!-- Test -->
