<?xml version="1.0" encoding="UTF-8"?>
<!-- Generated by org.testng.reporters.JUnitXMLReporter -->
<testsuite hostname="DESKTOP-MUEUS88" name="Surefire test" tests="6" failures="0" timestamp="16 Jan 2023 19:46:00 GMT" time="0.04" errors="0">
  <testcase name="APIwithPostman" time="0.01" classname="MavenProject.FirstTest.APITest"/>
  <testcase name="APIwithSoapUI" time="0.0" classname="MavenProject.FirstTest.APITest"/>
  <testcase name="LoginwithAndroid" time="0.002" classname="MavenProject.FirstTest.AppiumTest"/>
  <testcase name="LoginwithiOS" time="0.001" classname="MavenProject.FirstTest.AppiumTest"/>
  <testcase name="LoginwithBranch" time="0.0" classname="MavenProject.FirstTest.SeleniumTest"/>
  <testcase name="Loginwithweb" time="0.001" classname="MavenProject.FirstTest.SeleniumTest"/>
</testsuite> <!-- Surefire test -->
