<?xml version="1.0" encoding="UTF-8"?>
<!-- Generated by org.testng.reporters.JUnitXMLReporter -->
<testsuite hostname="DESKTOP-MUEUS88" name="Test" tests="6" failures="0" timestamp="17 Jan 2023 19:14:37 GMT" time="0.084" errors="0">
  <testcase name="APIwithPostman" time="0.028" classname="MavenProject.FirstTest.APITest"/>
  <testcase name="APIwithSoapUI" time="0.002" classname="MavenProject.FirstTest.APITest"/>
  <testcase name="LoginwithBranch" time="0.001" classname="MavenProject.FirstTest.SeleniumTest"/>
  <testcase name="Loginwithweb" time="0.0" classname="MavenProject.FirstTest.SeleniumTest"/>
  <testcase name="LoginwithAndroid" time="0.008" classname="MavenProject.FirstTest.AppiumTest"/>
  <testcase name="LoginwithiOS" time="0.002" classname="MavenProject.FirstTest.AppiumTest"/>
</testsuite> <!-- Test -->
