<?xml version="1.0" encoding="UTF-8"?>
<!-- Generated by org.testng.reporters.JUnitXMLReporter -->
<testsuite hostname="DESKTOP-MUEUS88" name="Test" tests="3" failures="0" timestamp="16 Jan 2023 19:58:56 GMT" time="0.065" errors="0">
  <testcase name="APIwithPostman" time="0.043" classname="MavenProject.FirstTest.APITest"/>
  <testcase name="LoginwithBranch" time="0.001" classname="MavenProject.FirstTest.SeleniumTest"/>
  <testcase name="LoginwithiOS" time="0.002" classname="MavenProject.FirstTest.AppiumTest"/>
</testsuite> <!-- Test -->
