<?xml version="1.0" encoding="UTF-8"?>
<testng-results total="1" passed="1" failed="0" skipped="0">
  <reporter-output>
  </reporter-output>
  <suite started-at="2023-01-19T22:48:11Z" name="MavenProject.FirstTest.LoginTest" finished-at="2023-01-19T22:48:14Z" duration-ms="2730">
    <groups>
    </groups>
    <test started-at="2023-01-19T22:48:11Z" name="Command line test" finished-at="2023-01-19T22:48:14Z" duration-ms="2730">
      <class name="MavenProject.FirstTest.LoginTest">
        <test-method is-config="true" signature="setup()[pri:0, instance:MavenProject.FirstTest.LoginTest@1534f01b]" started-at="2023-01-19T23:48:04Z" name="setup" finished-at="2023-01-19T23:48:11Z" duration-ms="7019" status="PASS">
          <reporter-output>
          </reporter-output>
        </test-method> <!-- setup -->
        <test-method signature="ValidLogin()[pri:0, instance:MavenProject.FirstTest.LoginTest@1534f01b]" started-at="2023-01-19T23:48:11Z" name="ValidLogin" finished-at="2023-01-19T23:48:14Z" duration-ms="2716" status="PASS">
          <reporter-output>
          </reporter-output>
        </test-method> <!-- ValidLogin -->
        <test-method is-config="true" signature="tearDown()[pri:0, instance:MavenProject.FirstTest.LoginTest@1534f01b]" started-at="2023-01-19T23:48:14Z" name="tearDown" finished-at="2023-01-19T23:48:14Z" duration-ms="636" status="PASS">
          <reporter-output>
          </reporter-output>
        </test-method> <!-- tearDown -->
      </class> <!-- MavenProject.FirstTest.LoginTest -->
    </test> <!-- Command line test -->
  </suite> <!-- MavenProject.FirstTest.LoginTest -->
</testng-results>
